Watching for file changes with StatReloader
Watching for file changes with StatReloader
Not Found: /
"GET / HTTP/1.1" 404 2404
Not Found: /favicon.ico
"GET /favicon.ico HTTP/1.1" 404 2455
Not Found: /
"GET / HTTP/1.1" 404 2404
Not Found: /
"GET / HTTP/1.1" 404 2404
Not Found: /
"GET / HTTP/1.1" 404 2404
Not Found: /favicon.ico
"GET /favicon.ico HTTP/1.1" 404 2455
"GET /admin HTTP/1.1" 301 0
"GET /admin/ HTTP/1.1" 302 0
"GET /admin/login/?next=/admin/ HTTP/1.1" 200 4214
"GET /static/admin/css/base.css HTTP/1.1" 200 21207
"GET /static/admin/css/nav_sidebar.css HTTP/1.1" 200 2694
"GET /static/admin/css/dark_mode.css HTTP/1.1" 200 2929
"GET /static/admin/css/responsive.css HTTP/1.1" 200 18533
"GET /static/admin/css/login.css HTTP/1.1" 200 958
"GET /static/admin/js/nav_sidebar.js HTTP/1.1" 200 3063
"GET /static/admin/js/theme.js HTTP/1.1" 200 1943
"POST /admin/login/?next=/admin/ HTTP/1.1" 200 4402
/home/linikerj/Liniker-Scout/backend/football_analysis/settings.py changed, reloading.
Watching for file changes with StatReloader
Not Found: /
"GET / HTTP/1.1" 404 2404
"OPTIONS /api/posts/ HTTP/1.1" 200 0
"OPTIONS /api/posts/ HTTP/1.1" 200 0
"OPTIONS /api/posts/ HTTP/1.1" 200 0
"OPTIONS /api/posts/ HTTP/1.1" 200 0
"OPTIONS /api/posts/ HTTP/1.1" 200 0
"OPTIONS /api/posts/ HTTP/1.1" 200 0
"OPTIONS /api/posts/ HTTP/1.1" 200 0
"OPTIONS /api/posts/ HTTP/1.1" 200 0
"OPTIONS /api/posts/ HTTP/1.1" 200 0
"OPTIONS /api/posts/ HTTP/1.1" 200 0
"OPTIONS /api/posts/ HTTP/1.1" 200 0
"OPTIONS /api/posts/ HTTP/1.1" 200 0
"OPTIONS /api/posts/ HTTP/1.1" 200 0
"OPTIONS /api/posts/ HTTP/1.1" 200 0
"OPTIONS /api/posts/ HTTP/1.1" 200 0
"OPTIONS /api/posts/ HTTP/1.1" 200 0
"OPTIONS /api/posts/ HTTP/1.1" 200 0
"OPTIONS /api/posts/ HTTP/1.1" 200 0
/home/linikerj/Liniker-Scout/backend/football_analysis/settings.py changed, reloading.
Watching for file changes with StatReloader
